{"/Users/ishit_singh/Desktop/authBasics/database/models/index.js": {"path":"/Users/ishit_singh/Desktop/authBasics/database/models/index.js","statementMap":{"0":{"start":{"line":3,"column":11},"end":{"line":3,"column":24}},"1":{"start":{"line":4,"column":13},"end":{"line":4,"column":28}},"2":{"start":{"line":5,"column":18},"end":{"line":5,"column":38}},"3":{"start":{"line":6,"column":16},"end":{"line":6,"column":34}},"4":{"start":{"line":7,"column":17},"end":{"line":7,"column":42}},"5":{"start":{"line":8,"column":12},"end":{"line":8,"column":49}},"6":{"start":{"line":9,"column":15},"end":{"line":9,"column":65}},"7":{"start":{"line":10,"column":11},"end":{"line":10,"column":13}},"8":{"start":{"line":13,"column":0},"end":{"line":17,"column":1}},"9":{"start":{"line":14,"column":2},"end":{"line":14,"column":74}},"10":{"start":{"line":16,"column":2},"end":{"line":16,"column":87}},"11":{"start":{"line":19,"column":0},"end":{"line":32,"column":5}},"12":{"start":{"line":22,"column":4},"end":{"line":27,"column":6}},"13":{"start":{"line":30,"column":18},"end":{"line":30,"column":85}},"14":{"start":{"line":31,"column":4},"end":{"line":31,"column":27}},"15":{"start":{"line":34,"column":0},"end":{"line":38,"column":3}},"16":{"start":{"line":35,"column":2},"end":{"line":37,"column":3}},"17":{"start":{"line":36,"column":4},"end":{"line":36,"column":32}},"18":{"start":{"line":40,"column":0},"end":{"line":40,"column":25}},"19":{"start":{"line":41,"column":0},"end":{"line":41,"column":25}},"20":{"start":{"line":43,"column":0},"end":{"line":43,"column":20}}},"fnMap":{"0":{"name":"(anonymous_0)","decl":{"start":{"line":21,"column":10},"end":{"line":21,"column":11}},"loc":{"start":{"line":21,"column":18},"end":{"line":28,"column":3}},"line":21},"1":{"name":"(anonymous_1)","decl":{"start":{"line":29,"column":11},"end":{"line":29,"column":12}},"loc":{"start":{"line":29,"column":19},"end":{"line":32,"column":3}},"line":29},"2":{"name":"(anonymous_2)","decl":{"start":{"line":34,"column":24},"end":{"line":34,"column":25}},"loc":{"start":{"line":34,"column":37},"end":{"line":38,"column":1}},"line":34}},"branchMap":{"0":{"loc":{"start":{"line":8,"column":12},"end":{"line":8,"column":49}},"type":"binary-expr","locations":[{"start":{"line":8,"column":12},"end":{"line":8,"column":32}},{"start":{"line":8,"column":36},"end":{"line":8,"column":49}}],"line":8},"1":{"loc":{"start":{"line":13,"column":0},"end":{"line":17,"column":1}},"type":"if","locations":[{"start":{"line":13,"column":0},"end":{"line":17,"column":1}},{"start":{"line":15,"column":7},"end":{"line":17,"column":1}}],"line":13},"2":{"loc":{"start":{"line":23,"column":6},"end":{"line":26,"column":37}},"type":"binary-expr","locations":[{"start":{"line":23,"column":6},"end":{"line":23,"column":29}},{"start":{"line":24,"column":6},"end":{"line":24,"column":23}},{"start":{"line":25,"column":6},"end":{"line":25,"column":30}},{"start":{"line":26,"column":6},"end":{"line":26,"column":37}}],"line":23},"3":{"loc":{"start":{"line":35,"column":2},"end":{"line":37,"column":3}},"type":"if","locations":[{"start":{"line":35,"column":2},"end":{"line":37,"column":3}},{"start":{},"end":{}}],"line":35}},"s":{"0":3,"1":3,"2":3,"3":3,"4":3,"5":3,"6":3,"7":3,"8":3,"9":0,"10":3,"11":3,"12":6,"13":3,"14":3,"15":3,"16":3,"17":3,"18":3,"19":3,"20":3},"f":{"0":6,"1":3,"2":3},"b":{"0":[3,0],"1":[0,3],"2":[6,6,3,3],"3":[3,0]},"_coverageSchema":"1a1c01bbd47fc00a2c39e90264f33305004495a9","hash":"ec8b2b37b4f0f6f7b47f27849f436abe93075edf"}
,"/Users/ishit_singh/Desktop/authBasics/database/models/userauth.js": {"path":"/Users/ishit_singh/Desktop/authBasics/database/models/userauth.js","statementMap":{"0":{"start":{"line":4,"column":4},"end":{"line":4,"column":24}},"1":{"start":{"line":5,"column":0},"end":{"line":24,"column":2}},"2":{"start":{"line":16,"column":2},"end":{"line":22,"column":5}},"3":{"start":{"line":23,"column":2},"end":{"line":23,"column":18}}},"fnMap":{"0":{"name":"(anonymous_0)","decl":{"start":{"line":5,"column":17},"end":{"line":5,"column":18}},"loc":{"start":{"line":5,"column":43},"end":{"line":24,"column":1}},"line":5},"1":{"name":"(anonymous_1)","decl":{"start":{"line":12,"column":4},"end":{"line":12,"column":5}},"loc":{"start":{"line":12,"column":29},"end":{"line":14,"column":5}},"line":12}},"branchMap":{},"s":{"0":3,"1":3,"2":3,"3":3},"f":{"0":3,"1":3},"b":{},"_coverageSchema":"1a1c01bbd47fc00a2c39e90264f33305004495a9","hash":"455048d0f982321fbe7c1caf0c01cbd343fd6659"}
,"/Users/ishit_singh/Desktop/authBasics/src/controllers/userController.js": {"path":"/Users/ishit_singh/Desktop/authBasics/src/controllers/userController.js","statementMap":{"0":{"start":{"line":1,"column":21},"end":{"line":1,"column":56}},"1":{"start":{"line":3,"column":33},"end":{"line":14,"column":1}},"2":{"start":{"line":4,"column":21},"end":{"line":4,"column":38}},"3":{"start":{"line":5,"column":21},"end":{"line":5,"column":38}},"4":{"start":{"line":6,"column":4},"end":{"line":13,"column":5}},"5":{"start":{"line":7,"column":31},"end":{"line":7,"column":94}},"6":{"start":{"line":8,"column":8},"end":{"line":8,"column":36}},"7":{"start":{"line":9,"column":8},"end":{"line":9,"column":33}},"8":{"start":{"line":12,"column":8},"end":{"line":12,"column":42}},"9":{"start":{"line":15,"column":21},"end":{"line":26,"column":1}},"10":{"start":{"line":16,"column":4},"end":{"line":16,"column":33}},"11":{"start":{"line":17,"column":21},"end":{"line":17,"column":38}},"12":{"start":{"line":18,"column":21},"end":{"line":18,"column":38}},"13":{"start":{"line":19,"column":4},"end":{"line":25,"column":5}},"14":{"start":{"line":20,"column":22},"end":{"line":20,"column":73}},"15":{"start":{"line":21,"column":8},"end":{"line":21,"column":24}},"16":{"start":{"line":24,"column":8},"end":{"line":24,"column":42}},"17":{"start":{"line":28,"column":31},"end":{"line":32,"column":1}},"18":{"start":{"line":29,"column":18},"end":{"line":29,"column":32}},"19":{"start":{"line":30,"column":32},"end":{"line":30,"column":80}},"20":{"start":{"line":31,"column":4},"end":{"line":31,"column":34}},"21":{"start":{"line":33,"column":0},"end":{"line":37,"column":2}}},"fnMap":{"0":{"name":"(anonymous_0)","decl":{"start":{"line":3,"column":33},"end":{"line":3,"column":34}},"loc":{"start":{"line":3,"column":53},"end":{"line":14,"column":1}},"line":3},"1":{"name":"(anonymous_1)","decl":{"start":{"line":15,"column":21},"end":{"line":15,"column":22}},"loc":{"start":{"line":15,"column":41},"end":{"line":26,"column":1}},"line":15},"2":{"name":"(anonymous_2)","decl":{"start":{"line":28,"column":31},"end":{"line":28,"column":32}},"loc":{"start":{"line":28,"column":51},"end":{"line":32,"column":1}},"line":28}},"branchMap":{},"s":{"0":1,"1":1,"2":2,"3":2,"4":2,"5":2,"6":1,"7":1,"8":1,"9":1,"10":2,"11":2,"12":2,"13":2,"14":2,"15":1,"16":1,"17":1,"18":2,"19":2,"20":2,"21":1},"f":{"0":2,"1":2,"2":2},"b":{},"_coverageSchema":"1a1c01bbd47fc00a2c39e90264f33305004495a9","hash":"7cc473c961e4efd386ed48a3f43e9920cae035f0"}
,"/Users/ishit_singh/Desktop/authBasics/src/services/userServices.js": {"path":"/Users/ishit_singh/Desktop/authBasics/src/services/userServices.js","statementMap":{"0":{"start":{"line":1,"column":15},"end":{"line":1,"column":34}},"1":{"start":{"line":2,"column":11},"end":{"line":2,"column":43}},"2":{"start":{"line":3,"column":21},"end":{"line":3,"column":53}},"3":{"start":{"line":4,"column":21},"end":{"line":4,"column":53}},"4":{"start":{"line":5,"column":14},"end":{"line":5,"column":39}},"5":{"start":{"line":8,"column":33},"end":{"line":27,"column":1}},"6":{"start":{"line":9,"column":23},"end":{"line":9,"column":25}},"7":{"start":{"line":10,"column":17},"end":{"line":10,"column":47}},"8":{"start":{"line":11,"column":23},"end":{"line":15,"column":6}},"9":{"start":{"line":16,"column":4},"end":{"line":26,"column":5}},"10":{"start":{"line":17,"column":8},"end":{"line":17,"column":47}},"11":{"start":{"line":20,"column":34},"end":{"line":20,"column":65}},"12":{"start":{"line":21,"column":21},"end":{"line":24,"column":10}},"13":{"start":{"line":25,"column":8},"end":{"line":25,"column":20}},"14":{"start":{"line":28,"column":21},"end":{"line":54,"column":1}},"15":{"start":{"line":29,"column":4},"end":{"line":29,"column":33}},"16":{"start":{"line":30,"column":17},"end":{"line":34,"column":6}},"17":{"start":{"line":35,"column":4},"end":{"line":37,"column":5}},"18":{"start":{"line":36,"column":8},"end":{"line":36,"column":42}},"19":{"start":{"line":39,"column":30},"end":{"line":39,"column":73}},"20":{"start":{"line":40,"column":4},"end":{"line":53,"column":5}},"21":{"start":{"line":41,"column":25},"end":{"line":45,"column":9}},"22":{"start":{"line":46,"column":22},"end":{"line":46,"column":67}},"23":{"start":{"line":48,"column":28},"end":{"line":48,"column":54}},"24":{"start":{"line":49,"column":8},"end":{"line":49,"column":44}},"25":{"start":{"line":50,"column":8},"end":{"line":50,"column":21}},"26":{"start":{"line":52,"column":8},"end":{"line":52,"column":46}},"27":{"start":{"line":56,"column":31},"end":{"line":66,"column":1}},"28":{"start":{"line":57,"column":32},"end":{"line":57,"column":67}},"29":{"start":{"line":58,"column":24},"end":{"line":58,"column":50}},"30":{"start":{"line":59,"column":26},"end":{"line":59,"column":54}},"31":{"start":{"line":60,"column":4},"end":{"line":65,"column":5}},"32":{"start":{"line":61,"column":8},"end":{"line":61,"column":38}},"33":{"start":{"line":64,"column":8},"end":{"line":64,"column":20}},"34":{"start":{"line":67,"column":0},"end":{"line":71,"column":2}}},"fnMap":{"0":{"name":"(anonymous_0)","decl":{"start":{"line":8,"column":33},"end":{"line":8,"column":34}},"loc":{"start":{"line":8,"column":63},"end":{"line":27,"column":1}},"line":8},"1":{"name":"(anonymous_1)","decl":{"start":{"line":28,"column":21},"end":{"line":28,"column":22}},"loc":{"start":{"line":28,"column":51},"end":{"line":54,"column":1}},"line":28},"2":{"name":"(anonymous_2)","decl":{"start":{"line":56,"column":31},"end":{"line":56,"column":32}},"loc":{"start":{"line":56,"column":48},"end":{"line":66,"column":1}},"line":56}},"branchMap":{"0":{"loc":{"start":{"line":16,"column":4},"end":{"line":26,"column":5}},"type":"if","locations":[{"start":{"line":16,"column":4},"end":{"line":26,"column":5}},{"start":{"line":19,"column":9},"end":{"line":26,"column":5}}],"line":16},"1":{"loc":{"start":{"line":35,"column":4},"end":{"line":37,"column":5}},"type":"if","locations":[{"start":{"line":35,"column":4},"end":{"line":37,"column":5}},{"start":{},"end":{}}],"line":35},"2":{"loc":{"start":{"line":40,"column":4},"end":{"line":53,"column":5}},"type":"if","locations":[{"start":{"line":40,"column":4},"end":{"line":53,"column":5}},{"start":{"line":51,"column":11},"end":{"line":53,"column":5}}],"line":40},"3":{"loc":{"start":{"line":60,"column":4},"end":{"line":65,"column":5}},"type":"if","locations":[{"start":{"line":60,"column":4},"end":{"line":65,"column":5}},{"start":{"line":63,"column":9},"end":{"line":65,"column":5}}],"line":60}},"s":{"0":2,"1":2,"2":2,"3":2,"4":2,"5":2,"6":2,"7":2,"8":2,"9":2,"10":1,"11":1,"12":1,"13":1,"14":2,"15":3,"16":3,"17":3,"18":1,"19":2,"20":2,"21":1,"22":1,"23":1,"24":1,"25":1,"26":1,"27":2,"28":3,"29":3,"30":3,"31":3,"32":1,"33":2,"34":2},"f":{"0":2,"1":3,"2":3},"b":{"0":[1,1],"1":[1,2],"2":[1,1],"3":[1,2]},"_coverageSchema":"1a1c01bbd47fc00a2c39e90264f33305004495a9","hash":"3368bbe3f4d2fd9799e654c37b38555800f467a2"}
,"/Users/ishit_singh/Desktop/authBasics/src/utils/jwtGenerator.js": {"path":"/Users/ishit_singh/Desktop/authBasics/src/utils/jwtGenerator.js","statementMap":{"0":{"start":{"line":1,"column":15},"end":{"line":1,"column":32}},"1":{"start":{"line":2,"column":12},"end":{"line":2,"column":35}},"2":{"start":{"line":3,"column":25},"end":{"line":7,"column":1}},"3":{"start":{"line":4,"column":22},"end":{"line":4,"column":30}},"4":{"start":{"line":5,"column":19},"end":{"line":5,"column":65}},"5":{"start":{"line":6,"column":4},"end":{"line":6,"column":17}},"6":{"start":{"line":8,"column":0},"end":{"line":10,"column":1}}},"fnMap":{"0":{"name":"(anonymous_0)","decl":{"start":{"line":3,"column":25},"end":{"line":3,"column":26}},"loc":{"start":{"line":3,"column":35},"end":{"line":7,"column":1}},"line":3}},"branchMap":{},"s":{"0":3,"1":3,"2":3,"3":1,"4":1,"5":1,"6":3},"f":{"0":1},"b":{},"_coverageSchema":"1a1c01bbd47fc00a2c39e90264f33305004495a9","hash":"45d757e3c159b589ede6afe4222f235fe8b6a61f"}
,"/Users/ishit_singh/Desktop/authBasics/src/utils/jwtValidator.js": {"path":"/Users/ishit_singh/Desktop/authBasics/src/utils/jwtValidator.js","statementMap":{"0":{"start":{"line":1,"column":12},"end":{"line":1,"column":35}},"1":{"start":{"line":2,"column":11},"end":{"line":2,"column":43}},"2":{"start":{"line":4,"column":18},"end":{"line":22,"column":1}},"3":{"start":{"line":5,"column":4},"end":{"line":21,"column":5}},"4":{"start":{"line":6,"column":26},"end":{"line":6,"column":34}},"5":{"start":{"line":7,"column":29},"end":{"line":7,"column":57}},"6":{"start":{"line":9,"column":21},"end":{"line":13,"column":10}},"7":{"start":{"line":14,"column":8},"end":{"line":16,"column":9}},"8":{"start":{"line":15,"column":12},"end":{"line":15,"column":41}},"9":{"start":{"line":17,"column":8},"end":{"line":17,"column":36}},"10":{"start":{"line":20,"column":8},"end":{"line":20,"column":29}},"11":{"start":{"line":23,"column":0},"end":{"line":25,"column":1}}},"fnMap":{"0":{"name":"(anonymous_0)","decl":{"start":{"line":4,"column":18},"end":{"line":4,"column":19}},"loc":{"start":{"line":4,"column":35},"end":{"line":22,"column":1}},"line":4}},"branchMap":{"0":{"loc":{"start":{"line":14,"column":8},"end":{"line":16,"column":9}},"type":"if","locations":[{"start":{"line":14,"column":8},"end":{"line":16,"column":9}},{"start":{},"end":{}}],"line":14}},"s":{"0":3,"1":3,"2":3,"3":3,"4":3,"5":3,"6":2,"7":2,"8":1,"9":1,"10":1,"11":3},"f":{"0":3},"b":{"0":[1,1]},"_coverageSchema":"1a1c01bbd47fc00a2c39e90264f33305004495a9","hash":"378934843e7429abccea59ca4dfd6251b5c169eb"}
,"/Users/ishit_singh/Desktop/authBasics/src/utils/redis.js": {"path":"/Users/ishit_singh/Desktop/authBasics/src/utils/redis.js","statementMap":{"0":{"start":{"line":1,"column":14},"end":{"line":1,"column":30}},"1":{"start":{"line":2,"column":17},"end":{"line":2,"column":56}},"2":{"start":{"line":3,"column":20},"end":{"line":9,"column":2}},"3":{"start":{"line":11,"column":0},"end":{"line":13,"column":3}},"4":{"start":{"line":12,"column":4},"end":{"line":12,"column":42}},"5":{"start":{"line":14,"column":21},"end":{"line":21,"column":1}},"6":{"start":{"line":15,"column":4},"end":{"line":18,"column":5}},"7":{"start":{"line":16,"column":8},"end":{"line":16,"column":36}},"8":{"start":{"line":17,"column":8},"end":{"line":17,"column":43}},"9":{"start":{"line":20,"column":4},"end":{"line":20,"column":23}},"10":{"start":{"line":22,"column":24},"end":{"line":27,"column":1}},"11":{"start":{"line":23,"column":4},"end":{"line":26,"column":5}},"12":{"start":{"line":24,"column":8},"end":{"line":24,"column":48}},"13":{"start":{"line":25,"column":8},"end":{"line":25,"column":39}},"14":{"start":{"line":28,"column":0},"end":{"line":31,"column":2}}},"fnMap":{"0":{"name":"(anonymous_0)","decl":{"start":{"line":11,"column":26},"end":{"line":11,"column":27}},"loc":{"start":{"line":11,"column":35},"end":{"line":13,"column":1}},"line":11},"1":{"name":"(anonymous_1)","decl":{"start":{"line":14,"column":21},"end":{"line":14,"column":22}},"loc":{"start":{"line":14,"column":33},"end":{"line":21,"column":1}},"line":14},"2":{"name":"(anonymous_2)","decl":{"start":{"line":22,"column":24},"end":{"line":22,"column":25}},"loc":{"start":{"line":22,"column":36},"end":{"line":27,"column":1}},"line":22}},"branchMap":{"0":{"loc":{"start":{"line":15,"column":4},"end":{"line":18,"column":5}},"type":"if","locations":[{"start":{"line":15,"column":4},"end":{"line":18,"column":5}},{"start":{},"end":{}}],"line":15},"1":{"loc":{"start":{"line":23,"column":4},"end":{"line":26,"column":5}},"type":"if","locations":[{"start":{"line":23,"column":4},"end":{"line":26,"column":5}},{"start":{},"end":{}}],"line":23}},"s":{"0":2,"1":2,"2":2,"3":2,"4":0,"5":2,"6":0,"7":0,"8":0,"9":0,"10":2,"11":0,"12":0,"13":0,"14":2},"f":{"0":0,"1":0,"2":0},"b":{"0":[0,0],"1":[0,0]},"_coverageSchema":"1a1c01bbd47fc00a2c39e90264f33305004495a9","hash":"746c697e86363ef7024cfb83837ce7575b46bc91"}
}
