TN:
SF:database/models/index.js
FN:21,(anonymous_0)
FN:29,(anonymous_1)
FN:34,(anonymous_2)
FNF:3
FNH:3
FNDA:6,(anonymous_0)
FNDA:3,(anonymous_1)
FNDA:3,(anonymous_2)
DA:3,3
DA:4,3
DA:5,3
DA:6,3
DA:7,3
DA:8,3
DA:9,3
DA:10,3
DA:13,3
DA:14,0
DA:16,3
DA:19,3
DA:22,6
DA:30,3
DA:31,3
DA:34,3
DA:35,3
DA:36,3
DA:40,3
DA:41,3
DA:43,3
LF:21
LH:20
BRDA:8,0,0,3
BRDA:8,0,1,0
BRDA:13,1,0,0
BRDA:13,1,1,3
BRDA:23,2,0,6
BRDA:23,2,1,6
BRDA:23,2,2,3
BRDA:23,2,3,3
BRDA:35,3,0,3
BRDA:35,3,1,0
BRF:10
BRH:7
end_of_record
TN:
SF:database/models/userauth.js
FN:5,(anonymous_0)
FN:12,(anonymous_1)
FNF:2
FNH:2
FNDA:3,(anonymous_0)
FNDA:3,(anonymous_1)
DA:4,3
DA:5,3
DA:16,3
DA:23,3
LF:4
LH:4
BRF:0
BRH:0
end_of_record
TN:
SF:src/controllers/userController.js
FN:3,(anonymous_0)
FN:15,(anonymous_1)
FN:28,(anonymous_2)
FNF:3
FNH:3
FNDA:2,(anonymous_0)
FNDA:2,(anonymous_1)
FNDA:2,(anonymous_2)
DA:1,1
DA:3,1
DA:4,2
DA:5,2
DA:6,2
DA:7,2
DA:8,1
DA:9,1
DA:12,1
DA:15,1
DA:16,2
DA:17,2
DA:18,2
DA:19,2
DA:20,2
DA:21,1
DA:24,1
DA:28,1
DA:29,2
DA:30,2
DA:31,2
DA:33,1
LF:22
LH:22
BRF:0
BRH:0
end_of_record
TN:
SF:src/services/userServices.js
FN:8,(anonymous_0)
FN:28,(anonymous_1)
FN:56,(anonymous_2)
FNF:3
FNH:3
FNDA:2,(anonymous_0)
FNDA:3,(anonymous_1)
FNDA:3,(anonymous_2)
DA:1,2
DA:2,2
DA:3,2
DA:4,2
DA:5,2
DA:8,2
DA:9,2
DA:10,2
DA:11,2
DA:16,2
DA:17,1
DA:20,1
DA:21,1
DA:25,1
DA:28,2
DA:29,3
DA:30,3
DA:35,3
DA:36,1
DA:39,2
DA:40,2
DA:41,1
DA:46,1
DA:48,1
DA:49,1
DA:50,1
DA:52,1
DA:56,2
DA:57,3
DA:58,3
DA:59,3
DA:60,3
DA:61,1
DA:64,2
DA:67,2
LF:35
LH:35
BRDA:16,0,0,1
BRDA:16,0,1,1
BRDA:35,1,0,1
BRDA:35,1,1,2
BRDA:40,2,0,1
BRDA:40,2,1,1
BRDA:60,3,0,1
BRDA:60,3,1,2
BRF:8
BRH:8
end_of_record
TN:
SF:src/utils/jwtGenerator.js
FN:3,(anonymous_0)
FNF:1
FNH:1
FNDA:1,(anonymous_0)
DA:1,3
DA:2,3
DA:3,3
DA:4,1
DA:5,1
DA:6,1
DA:8,3
LF:7
LH:7
BRF:0
BRH:0
end_of_record
TN:
SF:src/utils/jwtValidator.js
FN:4,(anonymous_0)
FNF:1
FNH:1
FNDA:3,(anonymous_0)
DA:1,3
DA:2,3
DA:4,3
DA:5,3
DA:6,3
DA:7,3
DA:9,2
DA:14,2
DA:15,1
DA:17,1
DA:20,1
DA:23,3
LF:12
LH:12
BRDA:14,0,0,1
BRDA:14,0,1,1
BRF:2
BRH:2
end_of_record
TN:
SF:src/utils/redis.js
FN:11,(anonymous_0)
FN:14,(anonymous_1)
FN:22,(anonymous_2)
FNF:3
FNH:0
FNDA:0,(anonymous_0)
FNDA:0,(anonymous_1)
FNDA:0,(anonymous_2)
DA:1,2
DA:2,2
DA:3,2
DA:11,2
DA:12,0
DA:14,2
DA:15,0
DA:16,0
DA:17,0
DA:20,0
DA:22,2
DA:23,0
DA:24,0
DA:25,0
DA:28,2
LF:15
LH:7
BRDA:15,0,0,0
BRDA:15,0,1,0
BRDA:23,1,0,0
BRDA:23,1,1,0
BRF:4
BRH:0
end_of_record
